<?xml version="1.0" encoding="UTF-8"?>
<!-- Generated by org.testng.reporters.JUnitReportReporter -->
<testsuite hostname="DESKTOP-HDORF07" name="delete.del" tests="1" failures="0" timestamp="1 Jan 2018 23:03:09 GMT" time="20.604" errors="0">
  <testcase name="testlogin" time="20.604" classname="delete.del"/>
</testsuite> <!-- delete.del -->
