<?xml version="1.0" encoding="UTF-8"?>
<!-- Generated by org.testng.reporters.JUnitReportReporter -->
<testsuite hostname="DESKTOP-HDORF07" name="com.actitime.testscript.DeleteUser" tests="1" failures="0" timestamp="21 Aug 2019 14:16:00 GMT" time="12.012" errors="0">
  <testcase name="testDeleteUser" time="12.012" classname="com.actitime.testscript.DeleteUser"/>
</testsuite> <!-- com.actitime.testscript.DeleteUser -->
